Traceback (most recent call last):
  File "C:\Users\roywaswa\AppData\Roaming\mamba\envs\dsa\Lib\site-packages\jupyter_cache\executors\utils.py", line 58, in single_nb_execution
    executenb(
    ~~~~~~~~~^
        nb,
        ^^^
    ...<4 lines>...
        **kwargs,
        ^^^^^^^^^
    )
    ^
  File "C:\Users\roywaswa\AppData\Roaming\mamba\envs\dsa\Lib\site-packages\nbclient\client.py", line 1319, in execute
    return NotebookClient(nb=nb, resources=resources, km=km, **kwargs).execute()
           ~~~~~~~~~~~~~~~~~~~~~~~~~~~~~~~~~~~~~~~~~~~~~~~~~~~~~~~~~~~~~~~~~~~^^
  File "C:\Users\roywaswa\AppData\Roaming\mamba\envs\dsa\Lib\site-packages\jupyter_core\utils\__init__.py", line 165, in wrapped
    return loop.run_until_complete(inner)
           ~~~~~~~~~~~~~~~~~~~~~~~^^^^^^^
  File "C:\Users\roywaswa\AppData\Roaming\mamba\envs\dsa\Lib\asyncio\base_events.py", line 725, in run_until_complete
    return future.result()
           ~~~~~~~~~~~~~^^
  File "C:\Users\roywaswa\AppData\Roaming\mamba\envs\dsa\Lib\site-packages\nbclient\client.py", line 709, in async_execute
    await self.async_execute_cell(
        cell, index, execution_count=self.code_cells_executed + 1
    )
  File "C:\Users\roywaswa\AppData\Roaming\mamba\envs\dsa\Lib\site-packages\nbclient\client.py", line 1062, in async_execute_cell
    await self._check_raise_for_error(cell, cell_index, exec_reply)
  File "C:\Users\roywaswa\AppData\Roaming\mamba\envs\dsa\Lib\site-packages\nbclient\client.py", line 918, in _check_raise_for_error
    raise CellExecutionError.from_cell_and_msg(cell, exec_reply_content)
nbclient.exceptions.CellExecutionError: An error occurred while executing the following cell:
------------------
## Analysis of Global GDP and Population Trends
In this analysis, we will explore the trends of Gross Domestic Product (GDP) and population across different countries globally. By examining these trends, we aim to understand the economic growth and demographic changes over time. This analysis will involve data visualization and statistical techniques to uncover patterns and insights that can inform policy-making and economic strategies.

------------------


[1;36m  Cell [1;32mIn[1], line 2[1;36m[0m
[1;33m    In this analysis, we will explore the trends of Gross Domestic Product (GDP) and population across different countries globally. By examining these trends, we aim to understand the economic growth and demographic changes over time. This analysis will involve data visualization and statistical techniques to uncover patterns and insights that can inform policy-making and economic strategies.[0m
[1;37m       ^[0m
[1;31mSyntaxError[0m[1;31m:[0m invalid syntax


